Copyright 1986-2021 Xilinx, Inc. All Rights Reserved.
------------------------------------------------------------------------------------
| Tool Version : Vivado v.2021.2 (lin64) Build 3367213 Tue Oct 19 02:47:39 MDT 2021
| Date         : Thu Sep 29 17:54:32 2022
| Host         : computer running 64-bit Ubuntu 22.04.1 LTS
| Command      : upgrade_ip
| Device       : xc7a35ticsg324-1L
------------------------------------------------------------------------------------

Upgrade Log for IP 'bram'

1. Summary
----------

SUCCESS in the conversion of bram (xilinx.com:ip:blk_mem_gen:8.4 (Rev. 5)) to Vivado generation flows.






Copyright 1986-2021 Xilinx, Inc. All Rights Reserved.
------------------------------------------------------------------------------------
| Tool Version : Vivado v.2021.2 (lin64) Build 3367213 Tue Oct 19 02:47:39 MDT 2021
| Date         : Fri Jul 29 16:58:48 2022
| Host         : computer running 64-bit Ubuntu 20.04.4 LTS
| Command      : upgrade_ip
| Device       : xc7a35ticsg324-1L
------------------------------------------------------------------------------------

Upgrade Log for IP 'mmcm'

1. Summary
----------

SUCCESS in the conversion of mmcm (xilinx.com:ip:clk_wiz:6.0 (Rev. 9)) to Vivado generation flows.






Copyright 1986-2021 Xilinx, Inc. All Rights Reserved.
------------------------------------------------------------------------------------
| Tool Version : Vivado v.2021.2 (lin64) Build 3367213 Tue Oct 19 02:47:39 MDT 2021
| Date         : Wed Jun  8 10:50:27 2022
| Host         : computer running 64-bit Ubuntu 20.04.4 LTS
| Command      : upgrade_ip
| Device       : xc7a35ticsg324-1L
------------------------------------------------------------------------------------

Upgrade Log for IP 'fifo_ttl'

1. Summary
----------

SUCCESS in the conversion of fifo_ttl (xilinx.com:ip:fifo_generator:13.2 (Rev. 6)) to Vivado generation flows.






Copyright 1986-2021 Xilinx, Inc. All Rights Reserved.
------------------------------------------------------------------------------------
| Tool Version : Vivado v.2021.2 (lin64) Build 3367213 Tue Oct 19 02:47:39 MDT 2021
| Date         : Wed Jun  8 10:50:18 2022
| Host         : computer running 64-bit Ubuntu 20.04.4 LTS
| Command      : upgrade_ip
| Device       : xc7a35ticsg324-1L
------------------------------------------------------------------------------------

Upgrade Log for IP 'bram'

1. Summary
----------

SUCCESS in the conversion of bram (xilinx.com:ip:blk_mem_gen:8.4 (Rev. 5)) to Vivado generation flows.






Copyright 1986-2021 Xilinx, Inc. All Rights Reserved.
------------------------------------------------------------------------------------
| Tool Version : Vivado v.2021.2 (lin64) Build 3367213 Tue Oct 19 02:47:39 MDT 2021
| Date         : Wed Jun  8 10:49:22 2022
| Host         : computer running 64-bit Ubuntu 20.04.4 LTS
| Command      : upgrade_ip
| Device       : xc7a35ticsg324-1L
------------------------------------------------------------------------------------

Upgrade Log for IP 'mmcm'

1. Summary
----------

SUCCESS in the conversion of mmcm (xilinx.com:ip:clk_wiz:6.0 (Rev. 9)) to Vivado generation flows.

