func fontSetup();
	assign(font_exclam  ,491520);
	assign(font_dQuote  ,491521);
	assign(font_pound   ,491522);
	assign(font_dollar  ,491523);
	assign(font_percent ,491524);
	assign(font_and     ,491525);
	assign(font_sQuote  ,491526);
	assign(font_lParent ,491527);
	assign(font_rParent ,491528);
	assign(font_asterisk,491529);
	assign(font_plus	,491530);
	assign(font_comma	,491531);
	assign(font_minus	,491532);
	assign(font_dot 	,491533);
	assign(font_slash	,491534);
	assign(font_0		,491535);
	assign(font_1		,491536);
	assign(font_2		,491537);
	assign(font_3		,491538);
	assign(font_4		,491539);
	assign(font_5		,491540);
	assign(font_6		,491541);
	assign(font_7		,491542);
	assign(font_8		,491543);
	assign(font_9		,491544);
	assign(font_colon   ,491545);
	assign(font_scolon	,491546);
	assign(font_less	,491547);
	assign(font_equal	,491548);
	assign(font_greater	,491549);
	assign(font_qMark	,491550);
	assign(font_at      ,491551);
	assign(font_A       ,491552);
	assign(font_B       ,491553);
	assign(font_C       ,491554);
	assign(font_D       ,491555);
	assign(font_E       ,491556);
	assign(font_F       ,491557);
	assign(font_G       ,491558);
	assign(font_H       ,491559);
	assign(font_I       ,491560);
	assign(font_J       ,491561);
	assign(font_K       ,491562);
	assign(font_L       ,491563);
	assign(font_M       ,491564);
	assign(font_N       ,491565);
	assign(font_O       ,491566);
	assign(font_P       ,491567);
	assign(font_Q       ,491568);
	assign(font_R       ,491569);
	assign(font_S       ,491570);
	assign(font_T       ,491571);
	assign(font_U       ,491572);
	assign(font_V       ,491573);
	assign(font_W       ,491574);
	assign(font_X       ,491575);
	assign(font_Y       ,491576);
	assign(font_Z       ,491577);
	assign(font_lSqr    ,491578);
	assign(font_bSlash  ,491579);
	assign(font_rSqr    ,491580);
	assign(font_caret   ,491581);
	assign(font_uscore  ,491582);
	assign(font_accent  ,491583);
	assign(font_a       ,491584);
	assign(font_b       ,491585);
	assign(font_c       ,491586);
	assign(font_d       ,491587);
	assign(font_e       ,491588);
	assign(font_f       ,491589);
	assign(font_g       ,491590);
	assign(font_h       ,491591);
	assign(font_i       ,491592);
	assign(font_j       ,491593);
	assign(font_k       ,491594);
	assign(font_l       ,491595);
	assign(font_m       ,491596);
	assign(font_n       ,491597);
	assign(font_o       ,491598);
	assign(font_p       ,491599);
	assign(font_q       ,491600);
	assign(font_r       ,491601);
	assign(font_s       ,491602);
	assign(font_t       ,491603);
	assign(font_u       ,491604);
	assign(font_v       ,491605);
	assign(font_w       ,491606);
	assign(font_x       ,491607);
	assign(font_y       ,491608);
	assign(font_z       ,491609);
	assign(font_lCurly  ,491610);
	assign(font_vBar    ,491611);
	assign(font_rCurly  ,491612);
	assign(font_tilde   ,491613);
	assign(font_space   ,491614);

end();

func loadDefaultFont();

	assign(fontRam,0);	
	ldb(font_exclam,fontRam);
	add(fontRam,256);
	ldb(font_dQuote,fontRam);
	add(fontRam,256);
	ldb(font_dQuote,fontRam);
	add(fontRam,256);
	ldb(font_pound   ,fontRam);
	add(fontRam,256);
	ldb(font_dollar  ,fontRam);
	add(fontRam,256);
	ldb(font_percent ,fontRam);
	add(fontRam,256);
	ldb(font_and     ,fontRam);
	add(fontRam,256);
	ldb(font_sQuote  ,fontRam);
	add(fontRam,256);
	ldb(font_lParent ,fontRam);
	add(fontRam,256);
	ldb(font_rParent ,fontRam);
	add(fontRam,256);
	ldb(font_asterisk,fontRam);
	add(fontRam,256);
	ldb(font_plus	,fontRam);
	add(fontRam,256);
	ldb(font_comma	,fontRam);
	add(fontRam,256);
	ldb(font_minus	,fontRam);
	add(fontRam,256);
	ldb(font_dot 	,fontRam);
	add(fontRam,256);
	ldb(font_slash	,fontRam);
	add(fontRam,256);
	ldb(font_0		,fontRam);
	add(fontRam,256);
	ldb(font_1		,fontRam);
	add(fontRam,256);
	ldb(font_2		,fontRam);
	add(fontRam,256);
	ldb(font_3		,fontRam);
	add(fontRam,256);
	ldb(font_4		,fontRam);
	add(fontRam,256);
	ldb(font_5		,fontRam);
	add(fontRam,256);
	ldb(font_6		,fontRam);
	add(fontRam,256);
	ldb(font_7		,fontRam);
	add(fontRam,256);
	ldb(font_8		,fontRam);
	add(fontRam,256);
	ldb(font_9		,fontRam);
	add(fontRam,256);
	ldb(font_colon   ,fontRam);
	add(fontRam,256);
	ldb(font_scolon	,fontRam);
	add(fontRam,256);
	ldb(font_less	,fontRam);
	add(fontRam,256);
	ldb(font_equal	,fontRam);
	add(fontRam,256);
	ldb(font_greater	,fontRam);
	add(fontRam,256);
	ldb(font_qMark	,fontRam);
	add(fontRam,256);
	ldb(font_at      ,fontRam);
	add(fontRam,256);
	ldb(font_A       ,fontRam);
	add(fontRam,256);
	ldb(font_B       ,fontRam);
	add(fontRam,256);
	ldb(font_C       ,fontRam);
	add(fontRam,256);
	ldb(font_D       ,fontRam);
	add(fontRam,256);
	ldb(font_E       ,fontRam);
	add(fontRam,256);
	ldb(font_F       ,fontRam);
	add(fontRam,256);
	ldb(font_G       ,fontRam);
	add(fontRam,256);
	ldb(font_H       ,fontRam);
	add(fontRam,256);
	ldb(font_I       ,fontRam);
	add(fontRam,256);
	ldb(font_J       ,fontRam);
	add(fontRam,256);
	ldb(font_K       ,fontRam);
	add(fontRam,256);
	ldb(font_L       ,fontRam);
	add(fontRam,256);
	ldb(font_M       ,fontRam);
	add(fontRam,256);
	ldb(font_N       ,fontRam);
	add(fontRam,256);
	ldb(font_O       ,fontRam);
	add(fontRam,256);
	ldb(font_P       ,fontRam);
	add(fontRam,256);
	ldb(font_Q       ,fontRam);
	add(fontRam,256);
	ldb(font_R       ,fontRam);
	add(fontRam,256);
	ldb(font_S       ,fontRam);
	add(fontRam,256);
	ldb(font_T       ,fontRam);
	add(fontRam,256);
	ldb(font_U       ,fontRam);
	add(fontRam,256);
	ldb(font_V       ,fontRam);
	add(fontRam,256);
	ldb(font_W       ,fontRam);
	add(fontRam,256);
	ldb(font_X       ,fontRam);
	add(fontRam,256);
	ldb(font_Y       ,fontRam);
	add(fontRam,256);
	ldb(font_Z       ,fontRam);
	add(fontRam,256);
	ldb(font_lSqr    ,fontRam);
	add(fontRam,256);
	ldb(font_bSlash  ,fontRam);
	add(fontRam,256);
	ldb(font_rSqr    ,fontRam);
	add(fontRam,256);
	ldb(font_caret   ,fontRam);
	add(fontRam,256);
	ldb(font_uscore  ,fontRam);
	add(fontRam,256);
	ldb(font_accent  ,fontRam);
	add(fontRam,256);
	ldb(font_a       ,fontRam);
	add(fontRam,256);
	ldb(font_b       ,fontRam);
	add(fontRam,256);
	ldb(font_c       ,fontRam);
	add(fontRam,256);
	ldb(font_d       ,fontRam);
	add(fontRam,256);
	ldb(font_e       ,fontRam);
	add(fontRam,256);
	ldb(font_f       ,fontRam);
	add(fontRam,256);
	ldb(font_g       ,fontRam);
	add(fontRam,256);
	ldb(font_h       ,fontRam);
	add(fontRam,256);
	ldb(font_i       ,fontRam);
	add(fontRam,256);
	ldb(font_j       ,fontRam);
	add(fontRam,256);
	ldb(font_k       ,fontRam);
	add(fontRam,256);
	ldb(font_l       ,fontRam);
	add(fontRam,256);
	ldb(font_m       ,fontRam);
	add(fontRam,256);
	ldb(font_n       ,fontRam);
	add(fontRam,256);
	ldb(font_o       ,fontRam);
	add(fontRam,256);
	ldb(font_p       ,fontRam);
	add(fontRam,256);
	ldb(font_q       ,fontRam);
	add(fontRam,256);
	ldb(font_r       ,fontRam);
	add(fontRam,256);
	ldb(font_s       ,fontRam);
	add(fontRam,256);
	ldb(font_t       ,fontRam);
	add(fontRam,256);
	ldb(font_u       ,fontRam);
	add(fontRam,256);
	ldb(font_v       ,fontRam);
	add(fontRam,256);
	ldb(font_w       ,fontRam);
	add(fontRam,256);
	ldb(font_x       ,fontRam);
	add(fontRam,256);
	ldb(font_y       ,fontRam);
	add(fontRam,256);
	ldb(font_z       ,fontRam);
	add(fontRam,256);
	ldb(font_lCurly  ,fontRam);
	add(fontRam,256);
	ldb(font_vBar    ,fontRam);
	add(fontRam,256);
	ldb(font_rCurly  ,fontRam);
	add(fontRam,256);
	ldb(font_tilde   ,fontRam);
	add(fontRam,256);
	ldb(font_space   ,fontRam);
	

end();


